<?xml version="1.0" encoding="UTF-8"?>
<!-- Generated by org.testng.reporters.JUnitReportReporter -->
<testsuite skipped="0" hostname="DESKTOP-JO6QJD5" name="TestHelloWorld" tests="1" failures="0" timestamp="2020-06-22T14:47:10 PDT" time="0.032" errors="0">
  <testcase name="testHelloworld" time="0.032" classname="TestHelloWorld"/>
  <system-out/>
</testsuite> <!-- TestHelloWorld -->
